2025-06-03 18:40:11,600 [Worker-4: Loading available Gradle versions] INFO  o.e.b.c.i.u.g.PublishedGradleVersions - Gradle version information cache is not available. Remote download required.
2025-06-03 18:40:57,112 [Worker-20: Importing Maven projects] INFO  o.e.m.c.i.l.LifecycleMappingFactory - Using org.eclipse.m2e.jdt.JarLifecycleMapping lifecycle mapping for MavenProject: api:SkillShare:0.0.1-SNAPSHOT @ C:\Users\Diya\OneDrive\Desktop\Soumili\SkillShare\SkillShare\pom.xml.
2025-06-03 18:41:00,788 [Worker-20: Importing Maven projects] INFO  o.e.m.j.i.AbstractJavaProjectConfigurator - Adding source folder /SkillShare/src/main/java
2025-06-03 18:41:00,791 [Worker-20: Importing Maven projects] INFO  o.e.m.j.i.AbstractJavaProjectConfigurator - Adding resource folder /SkillShare/src/main/resources
2025-06-03 18:41:00,792 [Worker-20: Importing Maven projects] INFO  o.e.m.j.i.AbstractJavaProjectConfigurator - Adding resource folder /SkillShare/src/main/resources
2025-06-03 18:41:00,794 [Worker-20: Importing Maven projects] INFO  o.e.m.j.i.AbstractJavaProjectConfigurator - Adding source folder /SkillShare/src/test/java
2025-06-03 18:41:00,796 [Worker-20: Importing Maven projects] INFO  o.e.m.j.i.AbstractJavaProjectConfigurator - Adding resource folder /SkillShare/src/test/resources
2025-06-03 18:41:01,259 [Worker-20: Importing Maven projects] INFO  o.e.m.c.i.p.ProjectConfigurationManager - Imported and configured 1 project(s) in 5 sec
2025-06-03 18:41:03,047 [Worker-8: Building] INFO  o.a.m.s.f.DefaultMavenResourcesFiltering - Copying 1 resource from src\main\resources to target\classes
2025-06-03 18:41:03,070 [Worker-8: Building] INFO  o.a.m.s.f.DefaultMavenResourcesFiltering - Copying 14 resources from src\main\resources to target\classes
2025-06-03 18:41:03,170 [Worker-8: Building] INFO  o.a.m.s.f.DefaultMavenResourcesFiltering - skip non existing resourceDirectory C:\Users\Diya\OneDrive\Desktop\Soumili\SkillShare\SkillShare\src\test\resources
2025-06-03 18:42:41,991 [Worker-4: Launching SkillShareApplication] INFO  o.a.m.s.f.DefaultMavenResourcesFiltering - Copying 1 resource from src\main\resources to target\classes
2025-06-03 18:42:42,001 [Worker-4: Launching SkillShareApplication] INFO  o.a.m.s.f.DefaultMavenResourcesFiltering - Copying 0 resource from src\main\resources to target\classes
2025-06-03 18:42:42,005 [Worker-4: Launching SkillShareApplication] INFO  o.a.m.s.f.DefaultMavenResourcesFiltering - skip non existing resourceDirectory C:\Users\Diya\OneDrive\Desktop\Soumili\SkillShare\SkillShare\src\test\resources
2025-06-03 20:18:59,842 [Worker-2: Loading available Gradle versions] INFO  o.e.b.c.i.u.g.PublishedGradleVersions - Gradle version information cache is up-to-date. Trying to read.
2025-06-03 20:29:52,124 [Worker-13: Launching SkillShareApplication] INFO  o.a.m.s.f.DefaultMavenResourcesFiltering - Copying 1 resource from src\main\resources to target\classes
2025-06-03 20:29:52,174 [Worker-13: Launching SkillShareApplication] INFO  o.a.m.s.f.DefaultMavenResourcesFiltering - Copying 14 resources from src\main\resources to target\classes
2025-06-03 20:29:52,194 [Worker-13: Launching SkillShareApplication] INFO  o.a.m.s.f.DefaultMavenResourcesFiltering - skip non existing resourceDirectory C:\Users\Diya\OneDrive\Desktop\Soumili\SkillShare\SkillShare\src\test\resources
2025-06-03 20:51:54,245 [Worker-2: Loading available Gradle versions] INFO  o.e.b.c.i.u.g.PublishedGradleVersions - Gradle version information cache is up-to-date. Trying to read.
2025-06-03 21:52:04,821 [Worker-5: Loading available Gradle versions] INFO  o.e.b.c.i.u.g.PublishedGradleVersions - Gradle version information cache is up-to-date. Trying to read.
2025-06-03 22:15:40,895 [Worker-22: Building] INFO  o.a.m.s.f.DefaultMavenResourcesFiltering - Copying 1 resource from src\main\resources to target\classes
2025-06-03 22:15:41,328 [Worker-22: Building] INFO  o.a.m.s.f.DefaultMavenResourcesFiltering - Copying 14 resources from src\main\resources to target\classes
2025-06-03 22:15:41,393 [Worker-22: Building] INFO  o.a.m.s.f.DefaultMavenResourcesFiltering - skip non existing resourceDirectory C:\Users\Diya\OneDrive\Desktop\Soumili\SkillShare\SkillShare\src\test\resources
2025-06-03 22:18:45,485 [Worker-8: Building] INFO  o.a.m.s.f.DefaultMavenResourcesFiltering - Copying 1 resource from src\main\resources to target\classes
2025-06-03 22:18:45,650 [Worker-8: Building] INFO  o.a.m.s.f.DefaultMavenResourcesFiltering - Copying 14 resources from src\main\resources to target\classes
2025-06-03 22:18:45,669 [Worker-8: Building] INFO  o.a.m.s.f.DefaultMavenResourcesFiltering - skip non existing resourceDirectory C:\Users\Diya\OneDrive\Desktop\Soumili\SkillShare\SkillShare\src\test\resources
